0000000000601034 B __bss_start
0000000000601034 b completed.6924
0000000000601030 D __data_start
0000000000601030 W data_start
0000000000400560 t deregister_tm_clones
00000000004005e0 t __do_global_dtors_aux
0000000000600de8 t __do_global_dtors_aux_fini_array_entry
0000000000400728 R __dso_handle
0000000000600df8 d _DYNAMIC
0000000000601034 D _edata
0000000000601038 B _end
0000000000400714 T _fini
0000000000400600 t frame_dummy
0000000000600de0 t __frame_dummy_init_array_entry
00000000004008f8 r __FRAME_END__
0000000000601000 d _GLOBAL_OFFSET_TABLE_
                 w __gmon_start__
00000000004004d0 T _init
0000000000600de8 t __init_array_end
0000000000600de0 t __init_array_start
0000000000400720 R _IO_stdin_used
                 w _ITM_deregisterTMCloneTable
                 w _ITM_registerTMCloneTable
0000000000600df0 d __JCR_END__
0000000000600df0 d __JCR_LIST__
                 w _Jv_RegisterClasses
0000000000400710 T __libc_csu_fini
00000000004006a0 T __libc_csu_init
                 U __libc_start_main@@GLIBC_2.2.5
0000000000400649 T main
00000000004005a0 t register_tm_clones
0000000000400530 T _start
0000000000601038 D __TMC_END__
0000000000400633 T _Z3bar3bazPS_S0_
0000000000400626 T _Z3fooii
0000000000400642 T _Z4funcv
0000000000400684 W _ZN7MyClass6doSmthEP3baz
                 U _Znwm@@GLIBCXX_3.4
