00405050 b .bss
00405050 b .bss
00405050 b .bss
00405050 b .bss
00405050 b .bss
00405050 b .bss
00405050 b .bss
00405050 b .bss
00405000 b .bss
00405050 b .bss
00405050 b .bss
00405050 b .bss
00405050 b .bss
00405050 b .bss
00405050 b .bss
00405008 b .bss
00405050 b .bss
00405050 b .bss
00405050 b .bss
00405050 b .bss
00405050 b .bss
00405050 b .bss
00405008 b .bss
00405050 b .bss
00405050 b .bss
00405050 b .bss
00405050 b .bss
00405050 b .bss
00405050 b .bss
00405050 b .bss
00405050 b .bss
00405008 b .bss
00405050 b .bss
00405050 b .bss
00405050 b .bss
00405050 b .bss
00405050 b .bss
0040504c b .bss
0040502c b .bss
00405050 b .bss
00405028 b .bss
00405024 b .bss
00405020 b .bss
00405020 b .bss
0040501c b .bss
00405018 b .bss
0040501c b .bss
00405018 b .bss
00407010 d .CRT$XDA
00407014 d .CRT$XDZ
00407000 d .CRT$XLA
00407004 d .CRT$XLC
00407008 d .CRT$XLD
0040700c d .CRT$XLZ
00401c24 t .ctors.65535
0040200c d .data
0040200c d .data
0040200c d .data
00402000 d .data
00402008 d .data
00402008 d .data
00402000 d .data
0040200c d .data
0040200c d .data
0040200c d .data
0040200c d .data
0040200c d .data
0040200c d .data
00402008 d .data
0040200c d .data
0040200c d .data
0040200c d .data
0040200c d .data
0040200c d .data
00402000 d .data
0040200c d .data
0040200c d .data
0040200c d .data
00402008 d .data
00402004 d .data
0040200c d .data
0040200c d .data
0040200c d .data
0040200c d .data
0040200c d .data
0040200c d .data
0040200c d .data
0040200c d .data
0040200c d .data
0040200c d .data
0040200c d .data
0040200c d .data
0040200c d .data
0040200c d .data
0040200c d .data
0040200c d .data
0040200c d .data
00402000 d .data
0040200c d .data
0040200c d .data
00402004 d .data
0040200c d .data
00402000 d .data
0040b000 N .debug_abbrev
00409000 N .debug_aranges
0040a000 N .debug_info
0040c000 N .debug_line
004042a8 r .eh_frame
00404178 r .eh_frame
004040b8 r .eh_frame
004041a4 r .eh_frame
00404000 r .eh_frame
00404240 r .eh_frame
00404140 r .eh_frame
00406000 i .idata$2
00406014 i .idata$2
00406064 i .idata$4
0040609c i .idata$4
00406094 i .idata$4
0040607c i .idata$4
00406098 i .idata$4
00406050 i .idata$4
00406084 i .idata$4
00406040 i .idata$4
004060a4 i .idata$4
00406088 i .idata$4
00406068 i .idata$4
004060b0 i .idata$4
00406048 i .idata$4
0040604c i .idata$4
00406090 i .idata$4
00406058 i .idata$4
00406070 i .idata$4
004060ac i .idata$4
0040603c i .idata$4
0040605c i .idata$4
00406054 i .idata$4
004060a0 i .idata$4
00406060 i .idata$4
0040608c i .idata$4
004060a8 i .idata$4
00406070 i .idata$4
0040603c i .idata$4
00406080 i .idata$4
0040606c i .idata$4
00406074 i .idata$4
00406078 i .idata$4
00406044 i .idata$4
004060e4 i .idata$5
0040610c i .idata$5
004060d0 i .idata$5
004060e8 i .idata$5
004060ec i .idata$5
004060f0 i .idata$5
00406110 i .idata$5
004060c0 i .idata$5
004060fc i .idata$5
004060b4 i .idata$5
004060d8 i .idata$5
004060f8 i .idata$5
00406128 i .idata$5
00406100 i .idata$5
0040611c i .idata$5
004060d4 i .idata$5
004060b8 i .idata$5
004060b4 i .idata$5
00406120 i .idata$5
004060bc i .idata$5
00406108 i .idata$5
004060f4 i .idata$5
00406104 i .idata$5
004060dc i .idata$5
004060c4 i .idata$5
00406118 i .idata$5
004060cc i .idata$5
004060e8 i .idata$5
004060e0 i .idata$5
004060c8 i .idata$5
00406114 i .idata$5
00406124 i .idata$5
0040618e i .idata$6
00406222 i .idata$6
004062cc i .idata$6
004061a0 i .idata$6
004062ae i .idata$6
0040617a i .idata$6
00406212 i .idata$6
004062c2 i .idata$6
0040627e i .idata$6
0040628a i .idata$6
00406200 i .idata$6
004061d4 i .idata$6
00406274 i .idata$6
00406250 i .idata$6
00406144 i .idata$6
00406262 i .idata$6
004062b8 i .idata$6
0040612c i .idata$6
004061f2 i .idata$6
004061bc i .idata$6
0040626c i .idata$6
00406232 i .idata$6
0040616a i .idata$6
0040629c i .idata$6
004062a6 i .idata$6
00406292 i .idata$6
00406242 i .idata$6
0040615c i .idata$6
00406344 i .idata$7
004062f4 i .idata$7
0040631c i .idata$7
00406338 i .idata$7
004062e8 i .idata$7
004062e4 i .idata$7
0040633c i .idata$7
00406354 i .idata$7
00406304 i .idata$7
004062d8 i .idata$7
00406320 i .idata$7
00406328 i .idata$7
00406340 i .idata$7
004062fc i .idata$7
00406330 i .idata$7
00406334 i .idata$7
00406358 i .idata$7
004062dc i .idata$7
0040632c i .idata$7
004062ec i .idata$7
004062f8 i .idata$7
0040634c i .idata$7
00406350 i .idata$7
00406308 i .idata$7
00406300 i .idata$7
004062f0 i .idata$7
00406348 i .idata$7
004062e0 i .idata$7
00406318 i .idata$7
00406324 i .idata$7
0040200c d .jcr
0040200c d .jcr
00403024 r .rdata
00403028 r .rdata
00403000 r .rdata
00403110 r .rdata$zzz
004030d4 r .rdata$zzz
004030e8 r .rdata$zzz
004030fc r .rdata$zzz
00401920 t .text
00401c00 t .text
00401bb8 t .text
00401b80 t .text
00401440 t .text
004012e0 t .text
00401bc0 t .text
00401b48 t .text
00401440 t .text
00401b40 t .text
00401b78 t .text
00401bb0 t .text
00401b58 t .text
00401bc8 t .text
00401b40 t .text
00401b40 t .text
00401b88 t .text
00401b40 t .text
00401b70 t .text
00401c00 t .text
00401bd0 t .text
00401920 t .text
00401880 t .text
00401ba0 t .text
00401b90 t .text
00401b50 t .text
00401b68 t .text
00401bd8 t .text
00401bf8 t .text
00401350 t .text
00401340 t .text
00401ba0 t .text
00401c00 t .text
00401b40 t .text
00401be0 t .text
00401b40 t .text
00401000 t .text
00401ba0 t .text
00401b60 t .text
         U .text
00401b98 t .text
00401be8 t .text
00401530 t .text
00401bf0 t .text
00401440 t .text
00401440 t .text
00401520 t .text
00401ba8 t .text
00401c00 t .text.startup
00408000 d .tls
00408018 d .tls$AAA
0040801c d .tls$ZZZ
00000000 A .weak.__Jv_RegisterClasses.___gcc_register_frame
00401980 T ____w64_mingwthr_add_key_dtor
00401a10 T ____w64_mingwthr_remove_key_dtor
0040501c B ___cpu_features
00401440 T ___cpu_features_init
00407000 D ___crt_xc_end__
00407000 D ___crt_xc_start__
00407000 D ___crt_xi_end__
00407000 D ___crt_xi_start__
00407000 D ___crt_xl_start__
00407010 D ___crt_xp_end__
00407010 D ___crt_xp_start__
00407010 D ___crt_xt_end__
00407010 D ___crt_xt_start__
00401c20 T ___CTOR_LIST__
004018b0 T ___do_global_ctors
00401880 T ___do_global_dtors
00401c2c T ___DTOR_LIST__
00401350 t ___dyn_tls_dtor@12
004013a0 T ___dyn_tls_init@12
00403024 R ___dyn_tls_init_callback
00401330 T ___gcc_deregister_frame
004012e0 T ___gcc_register_frame
00401b40 T ___getmainargs
00400000 A ___ImageBase
0040200c d ___JCR_END__
0040200c d ___JCR_LIST__
00401900 T ___main
00401000 t ___mingw_CRTStartup
00401aa0 T ___mingw_TLScallback
00405030 b ___mingwthr_cs
0040502c b ___mingwthr_cs_init
00401920 t ___mingwthr_run_key_dtors.part.0
00401b58 T ___p__environ
00401b50 T ___p__fmode
00401530 t ___report_error
00403124 A ___RUNTIME_PSEUDO_RELOC_LIST__
00403124 R ___RUNTIME_PSEUDO_RELOC_LIST_END__
00000000 A ___set_app_type
00401430 T ___tlregdtor
00408020 D ___tls_end__
00408000 D ___tls_start__
00401590 t ___write_memory.part.0
00407010 d ___xd_a
00407014 d ___xd_z
00407000 D ___xl_a
00407004 D ___xl_c
00407008 D ___xl_d
0040700c D ___xl_z
00405004 B __argc
00405000 B __argv
00405060 B __bss_end__
00405000 B __bss_start__
00401b60 T __cexit
00405018 B __CRT_fmode
00402000 D __CRT_glob
00405028 B __CRT_MT
00401c20 T __CTOR_LIST__
00402010 D __data_end__
00402000 D __data_start__
00000000 A __dll__
00000000 A __dll_characteristics__
00401c2c T __DTOR_LIST__
00409000 D __end__
00000200 A __file_alignment__
00402004 D __fmode
00401520 T __fpreset
00401110 t __gnu_exception_handler@4
00406000 I __head_libkernel32_a
00406014 I __head_libmsvcrt_a
0040612c I __IAT_end__
004060b4 I __IAT_start__
00400000 A __image_base__
004060e8 I __imp____getmainargs
004060ec I __imp____p__environ
004060f0 I __imp____p__fmode
004060f4 I __imp____set_app_type
004060f8 I __imp___cexit
004060fc I __imp___iob
00406100 I __imp___onexit
00406104 I __imp___setmode
00406108 I __imp__abort
0040610c I __imp__atexit
00406110 I __imp__calloc
004060b4 I __imp__DeleteCriticalSection@4
004060b8 I __imp__EnterCriticalSection@4
004060bc I __imp__ExitProcess@4
00406114 I __imp__free
00406118 I __imp__fwrite
004060c0 I __imp__GetLastError@0
004060c4 I __imp__GetModuleHandleA@4
004060c8 I __imp__GetProcAddress@8
004060cc I __imp__InitializeCriticalSection@4
004060d0 I __imp__LeaveCriticalSection@4
0040611c I __imp__memcpy
004060d4 I __imp__SetUnhandledExceptionFilter@4
00406120 I __imp__signal
004060d8 I __imp__TlsGetValue@4
00406124 I __imp__vfprintf
004060dc I __imp__VirtualProtect@16
004060e0 I __imp__VirtualQuery@12
         U __Jv_RegisterClasses
00406308 I __libkernel32_a_iname
00406358 I __libmsvcrt_a_iname
00000000 A __loader_flags__
00000001 A __major_image_version__
00000004 A __major_os_version__
00000004 A __major_subsystem_version__
00000000 A __minor_image_version__
00000000 A __minor_os_version__
00000000 A __minor_subsystem_version__
004012d0 T __onexit
004016a0 T __pei386_runtime_relocator
00403124 R __rt_psrelocs_end
00000000 A __rt_psrelocs_size
00403124 R __rt_psrelocs_start
00403124 A __RUNTIME_PSEUDO_RELOC_LIST__
00403124 R __RUNTIME_PSEUDO_RELOC_LIST_END__
00001000 A __section_alignment__
00401b48 T __setmode
00001000 A __size_of_heap_commit__
00100000 A __size_of_heap_reserve__
00001000 A __size_of_stack_commit__
00200000 A __size_of_stack_reserve__
00000003 A __subsystem__
0040801c D __tls_end
00405014 B __tls_index
00408018 D __tls_start
00408000 D __tls_used
00401b80 T _abort
004012c0 T _atexit
00401b90 T _calloc
00401bf0 T _DeleteCriticalSection@4
00401bd0 T _EnterCriticalSection@4
00401ba8 T _ExitProcess@4
00401520 T _fpreset
00401b98 T _free
00401b70 T _fwrite
00401be0 T _GetLastError@0
00401bb0 T _GetModuleHandleA@4
00401bb8 T _GetProcAddress@8
00401bf8 T _InitializeCriticalSection@4
00405024 b _initialized
00405048 b _key_dtor_list
00401be8 T _LeaveCriticalSection@4
00401340 T _main
00401280 T _mainCRTStartup
00401b88 T _memcpy
00405010 B _mingw_initltsdrot_force
0040500c B _mingw_initltsdyn_force
00405008 B _mingw_initltssuo_force
00402008 d _p.1761
00401c00 t _register_frame_ctor
00401ba0 T _SetUnhandledExceptionFilter@4
00401b68 T _signal
00401bd8 T _TlsGetValue@4
00401b78 T _vfprintf
00401bc8 T _VirtualProtect@16
00401bc0 T _VirtualQuery@12
00405020 b _was_init.31048
004012a0 T _WinMainCRTStartup
004060b4 i fthunk
004060e8 i fthunk
00406070 i hname
0040603c i hname
