000000000060102c B __bss_start
000000000060102c b completed.6924
0000000000601028 D __data_start
0000000000601028 W data_start
00000000004004f0 t deregister_tm_clones
0000000000400570 t __do_global_dtors_aux
0000000000600de8 t __do_global_dtors_aux_fini_array_entry
0000000000400658 R __dso_handle
0000000000600df8 d _DYNAMIC
000000000060102c D _edata
0000000000601030 B _end
0000000000400644 T _fini
0000000000400590 t frame_dummy
0000000000600de0 t __frame_dummy_init_array_entry
0000000000400788 r __FRAME_END__
0000000000601000 d _GLOBAL_OFFSET_TABLE_
                 w __gmon_start__
0000000000400468 T _init
0000000000600de8 t __init_array_end
0000000000600de0 t __init_array_start
0000000000400650 R _IO_stdin_used
                 w _ITM_deregisterTMCloneTable
                 w _ITM_registerTMCloneTable
0000000000600df0 d __JCR_END__
0000000000600df0 d __JCR_LIST__
                 w _Jv_RegisterClasses
0000000000400640 T __libc_csu_fini
00000000004005d0 T __libc_csu_init
                 U __libc_start_main@@GLIBC_2.2.5
00000000004005b6 T main
0000000000400530 t register_tm_clones
00000000004004c0 T _start
0000000000601030 D __TMC_END__
