000000000060102c B __bss_start
000000000060102c b completed.6924
0000000000601028 D __data_start
0000000000601028 W data_start
0000000000400430 t deregister_tm_clones
00000000004004b0 t __do_global_dtors_aux
0000000000600e18 t __do_global_dtors_aux_fini_array_entry
00000000004005a8 R __dso_handle
0000000000600e28 d _DYNAMIC
000000000060102c D _edata
0000000000601030 B _end
0000000000400594 T _fini
00000000004004f6 T foo
00000000004004d0 t frame_dummy
0000000000600e10 t __frame_dummy_init_array_entry
0000000000400700 r __FRAME_END__
0000000000601000 d _GLOBAL_OFFSET_TABLE_
                 w __gmon_start__
00000000004003a8 T _init
0000000000600e18 t __init_array_end
0000000000600e10 t __init_array_start
00000000004005a0 R _IO_stdin_used
                 w _ITM_deregisterTMCloneTable
                 w _ITM_registerTMCloneTable
0000000000600e20 d __JCR_END__
0000000000600e20 d __JCR_LIST__
                 w _Jv_RegisterClasses
0000000000400590 T __libc_csu_fini
0000000000400520 T __libc_csu_init
                 U __libc_start_main@@GLIBC_2.2.5
00000000004004fd T main
0000000000400470 t register_tm_clones
0000000000400400 T _start
0000000000601030 D __TMC_END__
