0000000000601038 B __bss_start
0000000000601038 b completed.6924
0000000000601028 D __data_start
0000000000601028 W data_start
0000000000400430 t deregister_tm_clones
00000000004004b0 t __do_global_dtors_aux
0000000000600e18 t __do_global_dtors_aux_fini_array_entry
0000000000400608 R __dso_handle
0000000000600e28 d _DYNAMIC
0000000000601038 D _edata
0000000000601048 B _end
00000000004005f4 T _fini
000000000040055e T fn_a
00000000004004f6 t fn_b
0000000000400505 T fn_c
00000000004004d0 t frame_dummy
0000000000600e10 t __frame_dummy_init_array_entry
00000000004007b0 r __FRAME_END__
0000000000601000 d _GLOBAL_OFFSET_TABLE_
                 w __gmon_start__
00000000004003a8 T _init
0000000000600e18 t __init_array_end
0000000000600e10 t __init_array_start
0000000000400600 R _IO_stdin_used
                 w _ITM_deregisterTMCloneTable
                 w _ITM_registerTMCloneTable
0000000000600e20 d __JCR_END__
0000000000600e20 d __JCR_LIST__
                 w _Jv_RegisterClasses
00000000004005f0 T __libc_csu_fini
0000000000400580 T __libc_csu_init
                 U __libc_start_main@@GLIBC_2.2.5
0000000000400572 T main
0000000000400470 t register_tm_clones
0000000000400400 T _start
0000000000601038 D __TMC_END__
000000000060102c D x_global_init
0000000000601040 B x_global_uninit
0000000000601030 d y_global_init
000000000060103c b y_global_uninit
0000000000601034 D z_global
